Using pre-set license
Built from '2020.3/staging' branch; Version is '2020.3.8f1 (507919d4fff5) revision 5273881'; Using compiler version '192528614'; Build Type 'Release'
OS: 'Windows 10 Pro; OS build 19042.1110; Version 2009; 64bit' Language: 'en' Physical Memory: 32712 MB
BatchMode: 1, IsHumanControllingUs: 0, StartBugReporterOnCrash: 0, Is64bit: 1, IsPro: 0

 COMMAND LINE ARGUMENTS:
C:\Program Files\Unity\Hub\Editor\2020.3.8f1\Editor\Unity.exe
-adb2
-batchMode
-noUpm
-name
AssetImportWorker0
-projectPath
F:/Unity Projects/IATK
-logFile
Logs/AssetImportWorker0.log
-srvPort
60817
Successfully changed project path to: F:/Unity Projects/IATK
F:/Unity Projects/IATK
Using Asset Import Pipeline V2.
Refreshing native plugins compatible for Editor in 22.05 ms, found 0 plugins.
Preloading 0 native plugins for Editor in 0.00 ms.
Initialize engine version: 2020.3.8f1 (507919d4fff5)
[Subsystems] Discovering subsystems at path C:/Program Files/Unity/Hub/Editor/2020.3.8f1/Editor/Data/Resources/UnitySubsystems
[Subsystems] Discovering subsystems at path F:/Unity Projects/IATK/Assets
GfxDevice: creating device client; threaded=0
Direct3D:
    Version:  Direct3D 11.0 [level 11.1]
    Renderer: NVIDIA GeForce RTX 3080 (ID=0x2206)
    Vendor:   
    VRAM:     10078 MB
    Driver:   27.21.14.6677
Shader 'IATK/BarShader': fallback shader 'Transparent' not found
Initialize mono
Mono path[0] = 'C:/Program Files/Unity/Hub/Editor/2020.3.8f1/Editor/Data/Managed'
Mono path[1] = 'C:/Program Files/Unity/Hub/Editor/2020.3.8f1/Editor/Data/MonoBleedingEdge/lib/mono/unityjit'
Mono config path = 'C:/Program Files/Unity/Hub/Editor/2020.3.8f1/Editor/Data/MonoBleedingEdge/etc'
Using monoOptions --debugger-agent=transport=dt_socket,embedding=1,server=y,suspend=n,address=127.0.0.1:56504
Begin MonoManager ReloadAssembly
Registering precompiled unity dll's ...
Register platform support module: C:/Program Files/Unity/Hub/Editor/2020.3.8f1/Editor/Data/PlaybackEngines/WindowsStandaloneSupport/UnityEditor.WindowsStandalone.Extensions.dll
Registered in 0.001580 seconds.
Native extension for WindowsStandalone target not found
Refreshing native plugins compatible for Editor in 22.08 ms, found 0 plugins.
Preloading 0 native plugins for Editor in 0.00 ms.
Mono: successfully reloaded assembly
- Completed reload, in  0.788 seconds
Platform modules already initialized, skipping
Registering precompiled user dll's ...
Registered in 0.001124 seconds.
Begin MonoManager ReloadAssembly
Native extension for WindowsStandalone target not found
Refreshing native plugins compatible for Editor in 0.24 ms, found 0 plugins.
Preloading 0 native plugins for Editor in 0.00 ms.
Mono: successfully reloaded assembly
- Completed reload, in  0.667 seconds
Platform modules already initialized, skipping
========================================================================
Worker process is ready to serve import requests
Shader 'IATK/BarShader': fallback shader 'Transparent' not found
Launched and connected shader compiler UnityShaderCompiler.exe after 0.09 seconds
Refreshing native plugins compatible for Editor in 0.28 ms, found 0 plugins.
Preloading 0 native plugins for Editor in 0.00 ms.
Unloading 1177 Unused Serialized files (Serialized files now loaded: 0)
System memory in use before: 63.3 MB.
System memory in use after: 63.4 MB.

Unloading 12 unused Assets to reduce memory usage. Loaded Objects now: 1626.
Total: 1.450600 ms (FindLiveObjects: 0.129300 ms CreateObjectMapping: 0.027200 ms MarkObjects: 1.243200 ms  DeleteObjects: 0.049900 ms)

========================================================================
Received Import Request.
  path: Assets/IATK/Datasets
  artifactKey: Guid(b530af72b19798e498b279d9e25ee8d0) Importer(815301076,1909f56bfc062723c751e8b465ee728b)
Start importing Assets/IATK/Datasets using Guid(b530af72b19798e498b279d9e25ee8d0) Importer(815301076,1909f56bfc062723c751e8b465ee728b)  -> (artifact id: 'c1cf022a58bd94e452e957fb952e4f1b') in 0.007063 seconds
  Import took 0.008578 seconds .

========================================================================
Received Import Request.
  Time since last request: 0.000194 seconds.
  path: Assets/IATK
  artifactKey: Guid(ea1a7c0f58a64b84081a9eef3d0faa7d) Importer(815301076,1909f56bfc062723c751e8b465ee728b)
Start importing Assets/IATK using Guid(ea1a7c0f58a64b84081a9eef3d0faa7d) Importer(815301076,1909f56bfc062723c751e8b465ee728b)  -> (artifact id: '1dbd6b618f3817b553f3ef8e6c03d4bb') in 0.009120 seconds
  Import took 0.010588 seconds .

========================================================================
Received Prepare
Registering precompiled user dll's ...
Registered in 0.001547 seconds.
Begin MonoManager ReloadAssembly
Native extension for WindowsStandalone target not found
Refreshing native plugins compatible for Editor in 0.24 ms, found 0 plugins.
Preloading 0 native plugins for Editor in 0.00 ms.
Mono: successfully reloaded assembly
- Completed reload, in  0.841 seconds
Platform modules already initialized, skipping
Shader 'IATK/BarShader': fallback shader 'Transparent' not found
Refreshing native plugins compatible for Editor in 0.38 ms, found 0 plugins.
Preloading 0 native plugins for Editor in 0.00 ms.
Unloading 1147 Unused Serialized files (Serialized files now loaded: 0)
System memory in use before: 60.7 MB.
System memory in use after: 60.8 MB.

Unloading 7 unused Assets to reduce memory usage. Loaded Objects now: 1629.
Total: 2.176800 ms (FindLiveObjects: 0.262700 ms CreateObjectMapping: 0.032700 ms MarkObjects: 1.857300 ms  DeleteObjects: 0.021500 ms)

========================================================================
Received Prepare
Registering precompiled user dll's ...
Registered in 0.001543 seconds.
Begin MonoManager ReloadAssembly
Native extension for WindowsStandalone target not found
Refreshing native plugins compatible for Editor in 0.34 ms, found 0 plugins.
Preloading 0 native plugins for Editor in 0.00 ms.
Mono: successfully reloaded assembly
- Completed reload, in  0.672 seconds
Platform modules already initialized, skipping
Shader 'IATK/BarShader': fallback shader 'Transparent' not found
Refreshing native plugins compatible for Editor in 0.26 ms, found 0 plugins.
Preloading 0 native plugins for Editor in 0.00 ms.
Unloading 1147 Unused Serialized files (Serialized files now loaded: 0)
System memory in use before: 60.7 MB.
System memory in use after: 60.8 MB.

Unloading 7 unused Assets to reduce memory usage. Loaded Objects now: 1632.
Total: 1.455600 ms (FindLiveObjects: 0.156300 ms CreateObjectMapping: 0.035300 ms MarkObjects: 1.251400 ms  DeleteObjects: 0.011700 ms)

========================================================================
Received Prepare
Registering precompiled user dll's ...
Registered in 0.001112 seconds.
Begin MonoManager ReloadAssembly
Native extension for WindowsStandalone target not found
Refreshing native plugins compatible for Editor in 0.47 ms, found 0 plugins.
Preloading 0 native plugins for Editor in 0.00 ms.
Mono: successfully reloaded assembly
- Completed reload, in  0.673 seconds
Platform modules already initialized, skipping
Shader 'IATK/BarShader': fallback shader 'Transparent' not found
Refreshing native plugins compatible for Editor in 0.26 ms, found 0 plugins.
Preloading 0 native plugins for Editor in 0.00 ms.
Unloading 1147 Unused Serialized files (Serialized files now loaded: 0)
System memory in use before: 60.7 MB.
System memory in use after: 60.8 MB.

Unloading 7 unused Assets to reduce memory usage. Loaded Objects now: 1635.
Total: 1.529300 ms (FindLiveObjects: 0.177100 ms CreateObjectMapping: 0.080400 ms MarkObjects: 1.255500 ms  DeleteObjects: 0.015100 ms)

========================================================================
Received Prepare
Registering precompiled user dll's ...
Registered in 0.001254 seconds.
Begin MonoManager ReloadAssembly
Native extension for WindowsStandalone target not found
Refreshing native plugins compatible for Editor in 0.25 ms, found 0 plugins.
Preloading 0 native plugins for Editor in 0.00 ms.
Mono: successfully reloaded assembly
- Completed reload, in  0.654 seconds
Platform modules already initialized, skipping
Shader 'IATK/BarShader': fallback shader 'Transparent' not found
Refreshing native plugins compatible for Editor in 0.21 ms, found 0 plugins.
Preloading 0 native plugins for Editor in 0.00 ms.
Unloading 1147 Unused Serialized files (Serialized files now loaded: 0)
System memory in use before: 60.7 MB.
System memory in use after: 60.8 MB.

Unloading 7 unused Assets to reduce memory usage. Loaded Objects now: 1638.
Total: 1.403000 ms (FindLiveObjects: 0.136400 ms CreateObjectMapping: 0.026500 ms MarkObjects: 1.216000 ms  DeleteObjects: 0.022600 ms)

========================================================================
Received Prepare
Registering precompiled user dll's ...
Registered in 0.001247 seconds.
Begin MonoManager ReloadAssembly
Native extension for WindowsStandalone target not found
Refreshing native plugins compatible for Editor in 0.26 ms, found 0 plugins.
Preloading 0 native plugins for Editor in 0.00 ms.
Mono: successfully reloaded assembly
- Completed reload, in  0.726 seconds
Platform modules already initialized, skipping
Shader 'IATK/BarShader': fallback shader 'Transparent' not found
Refreshing native plugins compatible for Editor in 0.31 ms, found 0 plugins.
Preloading 0 native plugins for Editor in 0.00 ms.
Unloading 1147 Unused Serialized files (Serialized files now loaded: 0)
System memory in use before: 60.7 MB.
System memory in use after: 60.8 MB.

Unloading 7 unused Assets to reduce memory usage. Loaded Objects now: 1641.
Total: 1.444900 ms (FindLiveObjects: 0.190700 ms CreateObjectMapping: 0.027900 ms MarkObjects: 1.211300 ms  DeleteObjects: 0.013900 ms)

========================================================================
Received Import Request.
  Time since last request: 1924.261416 seconds.
  path: Assets/IATK/Resources/Axis.prefab
  artifactKey: Guid(c061a8385aca89546a8f90550de16cf9) Importer(815301076,1909f56bfc062723c751e8b465ee728b)
Start importing Assets/IATK/Resources/Axis.prefab using Guid(c061a8385aca89546a8f90550de16cf9) Importer(815301076,1909f56bfc062723c751e8b465ee728b)  -> (artifact id: '502db22edc841df1d5d7c849cee20db5') in 0.361381 seconds
  Import took 0.363514 seconds .

========================================================================
Received Import Request.
  Time since last request: 81.103476 seconds.
  path: Assets/IATK/Resources/Key.prefab
  artifactKey: Guid(4cb7a4e933cb32646aa7d27530a664ad) Importer(815301076,1909f56bfc062723c751e8b465ee728b)
Start importing Assets/IATK/Resources/Key.prefab using Guid(4cb7a4e933cb32646aa7d27530a664ad) Importer(815301076,1909f56bfc062723c751e8b465ee728b)  -> (artifact id: '5865204eff4394b8e3eb1c6d16bfec54') in 0.008814 seconds
  Import took 0.010707 seconds .

========================================================================
Received Import Request.
  Time since last request: 0.256422 seconds.
  path: Assets/IATK/Resources/NewAxis.prefab
  artifactKey: Guid(3ae79f79717fbb240858cd15f36d5de8) Importer(815301076,1909f56bfc062723c751e8b465ee728b)
Start importing Assets/IATK/Resources/NewAxis.prefab using Guid(3ae79f79717fbb240858cd15f36d5de8) Importer(815301076,1909f56bfc062723c751e8b465ee728b)  -> (artifact id: 'c3e01401c96aae51adfaae4b0dc116cc') in 0.028796 seconds
  Import took 0.030700 seconds .

========================================================================
Received Import Request.
  Time since last request: 59.770247 seconds.
  path: Assets/IATK/Scripts/NewIATK/AbstractVisualisation.cs
  artifactKey: Guid(8fd6e9cf6a1a64c4d8430a8723cfe815) Importer(815301076,1909f56bfc062723c751e8b465ee728b)
Start importing Assets/IATK/Scripts/NewIATK/AbstractVisualisation.cs using Guid(8fd6e9cf6a1a64c4d8430a8723cfe815) Importer(815301076,1909f56bfc062723c751e8b465ee728b)  -> (artifact id: '91ce3af0a714ba8f5ac73334a7bfb2ba') in 0.009018 seconds
  Import took 0.010725 seconds .

========================================================================
Received Import Request.
  Time since last request: 0.414227 seconds.
  path: Assets/IATK/Scripts/NewIATK/AttributeFilter.cs
  artifactKey: Guid(8099a28825b7e584bb65a86dfaabd51b) Importer(815301076,1909f56bfc062723c751e8b465ee728b)
Start importing Assets/IATK/Scripts/NewIATK/AttributeFilter.cs using Guid(8099a28825b7e584bb65a86dfaabd51b) Importer(815301076,1909f56bfc062723c751e8b465ee728b)  -> (artifact id: '107256cbfd4ae73ce0d4d0abdbc6a02c') in 0.006919 seconds
  Import took 0.008826 seconds .

========================================================================
Received Import Request.
  Time since last request: 4.315069 seconds.
  path: Assets/IATK/Scripts/NewIATK/View.cs
  artifactKey: Guid(9b5315be8565c824a913765a8970fc90) Importer(815301076,1909f56bfc062723c751e8b465ee728b)
Start importing Assets/IATK/Scripts/NewIATK/View.cs using Guid(9b5315be8565c824a913765a8970fc90) Importer(815301076,1909f56bfc062723c751e8b465ee728b)  -> (artifact id: '6cb97f32387e349de0a58f4865f939de') in 0.005994 seconds
  Import took 0.007852 seconds .

========================================================================
Received Prepare
Registering precompiled user dll's ...
Registered in 0.001172 seconds.
Begin MonoManager ReloadAssembly
Native extension for WindowsStandalone target not found
Refreshing native plugins compatible for Editor in 0.25 ms, found 0 plugins.
Preloading 0 native plugins for Editor in 0.00 ms.
Mono: successfully reloaded assembly
- Completed reload, in  0.638 seconds
Platform modules already initialized, skipping
Shader 'IATK/BarShader': fallback shader 'Transparent' not found
Refreshing native plugins compatible for Editor in 0.24 ms, found 0 plugins.
Preloading 0 native plugins for Editor in 0.00 ms.
Unloading 1147 Unused Serialized files (Serialized files now loaded: 0)
System memory in use before: 63.9 MB.
System memory in use after: 64.0 MB.

Unloading 7 unused Assets to reduce memory usage. Loaded Objects now: 1653.
Total: 1.386800 ms (FindLiveObjects: 0.146200 ms CreateObjectMapping: 0.026800 ms MarkObjects: 1.199600 ms  DeleteObjects: 0.013100 ms)

AssetImportWorkerClient::OnTransportError - code=2 error=End of file
